2025-09-29 09:10:38,367 - INFO - package: mysql.connector.plugins
2025-09-29 09:10:38,371 - INFO - plugin_name: mysql_native_password
2025-09-29 09:10:38,396 - INFO - AUTHENTICATION_PLUGIN_CLASS: MySQLNativePasswordAuthPlugin
2025-09-29 09:10:40,060 - INFO - Database tables created successfully
2025-09-29 09:10:40,269 - INFO - Initialized account with $100,000.00
2025-09-29 09:10:40,288 - INFO - Added stock: KR - The Kroger Co.
2025-09-29 09:10:40,310 - INFO - Added stock: GXC - SPDR S&P China ETF
2025-09-29 09:10:40,329 - INFO - Added stock: PGJ - Invesco Golden Dragon China ETF
2025-09-29 09:10:40,349 - INFO - Added stock: YINN - Direxion Daily FTSE China Bull 3X Shares
2025-09-29 09:10:40,392 - INFO - Added stock: JPM - JPMorgan Chase & Co.
2025-09-29 09:10:40,415 - INFO - Added stock: FXP - ProShares UltraShort FTSE China 50
2025-09-29 09:10:40,442 - INFO - Added stock: XPP - ProShares Ultra FTSE China 50
2025-09-29 09:10:40,468 - INFO - Added stock: CHN - The China Fund, Inc.
2025-09-29 09:10:40,483 - INFO - Added stock: ERO - Ero Copper Corp.
2025-09-29 09:10:40,490 - INFO - Added stock: RSP - Invesco S&P 500 Equal Weight ETF
2025-09-29 09:10:40,499 - INFO - Added stock: OXY - Occidental Petroleum Corporation
2025-09-29 09:10:40,516 - INFO - Added stock: VGK - Vanguard FTSE Europe ETF
2025-09-29 09:10:40,521 - INFO - Added stock: MDT - Medtronic plc
2025-09-29 09:10:40,550 - INFO - Added stock: BLK - BlackRock, Inc.
2025-09-29 09:10:40,586 - INFO - Added stock: TSLA - Tesla, Inc.
2025-09-29 09:10:40,605 - INFO - Added stock: AAPL - Apple Inc.
2025-09-29 09:10:40,621 - INFO - Added stock: MSFT - Microsoft Corporation
2025-09-29 09:10:40,635 - INFO - Added stock: GOOGL - Alphabet Inc.
2025-09-29 09:10:40,715 - INFO - Added stock: AMZN - Amazon.com, Inc.
2025-09-29 09:10:40,727 - INFO - Added stock: NVDA - NVIDIA Corporation
2025-09-29 09:10:40,742 - INFO - Added stock: META - Meta Platforms, Inc.
2025-09-29 09:10:40,759 - INFO - Added stock: NFLX - Netflix, Inc.
2025-09-29 09:10:40,772 - INFO - Added stock: AMD - Advanced Micro Devices, Inc.
2025-09-29 09:10:40,785 - INFO - Added stock: SPY - SPDR S&P 500 ETF
2025-09-29 09:10:40,792 - INFO - Updating data for AAPL
2025-09-29 09:10:53,776 - INFO - Stored 502 records for AAPL
2025-09-29 09:10:53,782 - INFO - Updating data for AMD
2025-09-29 09:10:54,614 - INFO - Stored 502 records for AMD
2025-09-29 09:10:54,619 - INFO - Updating data for AMZN
2025-09-29 09:10:55,304 - INFO - Stored 502 records for AMZN
2025-09-29 09:10:55,310 - INFO - Updating data for BLK
2025-09-29 09:10:56,146 - INFO - Stored 502 records for BLK
2025-09-29 09:10:56,148 - INFO - Updating data for CHN
2025-09-29 09:10:56,930 - INFO - Stored 502 records for CHN
2025-09-29 09:10:56,936 - INFO - Updating data for ERO
2025-09-29 09:10:57,735 - INFO - Stored 502 records for ERO
2025-09-29 09:10:57,742 - INFO - Updating data for FXP
2025-09-29 09:10:58,508 - INFO - Stored 502 records for FXP
2025-09-29 09:10:58,508 - INFO - Updating data for GOOGL
2025-09-29 09:10:59,302 - INFO - Stored 502 records for GOOGL
2025-09-29 09:10:59,302 - INFO - Updating data for GXC
2025-09-29 09:10:59,840 - INFO - Stored 502 records for GXC
2025-09-29 09:10:59,840 - INFO - Updating data for JPM
2025-09-29 09:11:00,301 - INFO - Stored 502 records for JPM
2025-09-29 09:11:00,306 - INFO - Updating data for KR
2025-09-29 09:11:00,893 - INFO - Stored 502 records for KR
2025-09-29 09:11:00,894 - INFO - Updating data for MDT
2025-09-29 09:11:01,469 - INFO - Stored 502 records for MDT
2025-09-29 09:11:01,473 - INFO - Updating data for META
2025-09-29 09:11:01,923 - INFO - Stored 502 records for META
2025-09-29 09:11:01,923 - INFO - Updating data for MSFT
2025-09-29 09:11:02,441 - INFO - Stored 502 records for MSFT
2025-09-29 09:11:02,441 - INFO - Updating data for NFLX
2025-09-29 09:11:03,183 - INFO - Stored 502 records for NFLX
2025-09-29 09:11:03,189 - INFO - Updating data for NVDA
2025-09-29 09:11:03,931 - INFO - Stored 502 records for NVDA
2025-09-29 09:11:03,931 - INFO - Updating data for OXY
2025-09-29 09:11:04,749 - INFO - Stored 502 records for OXY
2025-09-29 09:11:04,757 - INFO - Updating data for PGJ
2025-09-29 09:11:05,449 - INFO - Stored 502 records for PGJ
2025-09-29 09:11:05,465 - INFO - Updating data for RSP
2025-09-29 09:11:06,209 - INFO - Stored 502 records for RSP
2025-09-29 09:11:06,211 - INFO - Updating data for SPY
2025-09-29 09:11:06,919 - INFO - Stored 502 records for SPY
2025-09-29 09:11:06,921 - INFO - Updating data for TSLA
2025-09-29 09:11:07,571 - INFO - Stored 502 records for TSLA
2025-09-29 09:11:07,571 - INFO - Updating data for VGK
2025-09-29 09:11:08,273 - INFO - Stored 502 records for VGK
2025-09-29 09:11:08,273 - INFO - Updating data for XPP
2025-09-29 09:11:09,016 - INFO - Stored 502 records for XPP
2025-09-29 09:11:09,016 - INFO - Updating data for YINN
2025-09-29 09:11:09,730 - INFO - Stored 502 records for YINN
2025-09-29 09:11:09,731 - INFO - Updated 24/24 stocks
