2025-10-20 20:46:36,634 - INFO - Preparing enhanced training data for AAPL
2025-10-20 20:46:36,722 - INFO - package: mysql.connector.plugins
2025-10-20 20:46:36,722 - INFO - plugin_name: caching_sha2_password
2025-10-20 20:46:36,722 - INFO - AUTHENTICATION_PLUGIN_CLASS: MySQLCachingSHA2PasswordAuthPlugin
2025-10-20 20:46:37,319 - INFO - AAPL: Training=322, Test=81, Sentiment=Yes
2025-10-20 20:46:42,089 - INFO - Preparing enhanced training data for AAPL
2025-10-20 20:46:42,512 - INFO - AAPL: Training=322, Test=81, Sentiment=Yes
2025-10-20 20:46:42,516 - INFO - Preparing enhanced training data for AAPL
2025-10-20 20:46:42,645 - INFO - Dropped rows without sentiment. Remaining: 2 days
2025-10-20 20:46:42,672 - WARNING - Insufficient data for supervised dataset creation
2025-10-20 20:46:42,677 - ERROR - Failed to create supervised dataset for AAPL
2025-10-20 20:46:42,677 - INFO - Preparing enhanced training data for AAPL
2025-10-20 20:46:43,228 - INFO - AAPL: Training=322, Test=81, Sentiment=Yes
2025-10-20 20:46:43,230 - INFO - Preparing enhanced training data for AAPL
2025-10-20 20:46:43,792 - INFO - AAPL: Training=322, Test=81, Sentiment=Yes
2025-10-20 20:46:49,336 - INFO - Preparing enhanced training data for AAPL
2025-10-20 20:46:49,705 - INFO - AAPL: Training=322, Test=81, Sentiment=Yes
2025-10-20 20:46:49,707 - INFO - Preparing enhanced training data for AMZN
2025-10-20 20:46:50,097 - INFO - AMZN: Training=322, Test=81, Sentiment=Yes
2025-10-20 20:46:50,097 - INFO - Preparing enhanced training data for BLK
2025-10-20 20:46:50,485 - INFO - BLK: Training=322, Test=81, Sentiment=Yes
2025-10-20 20:46:50,486 - INFO - Preparing enhanced training data for ERO
2025-10-20 20:46:50,875 - INFO - ERO: Training=322, Test=81, Sentiment=Yes
2025-10-20 20:46:50,880 - INFO - Preparing enhanced training data for FXP
2025-10-20 20:46:51,284 - INFO - FXP: Training=322, Test=81, Sentiment=Yes
2025-10-20 20:46:51,286 - INFO - Preparing enhanced training data for GOOGL
2025-10-20 20:46:51,804 - INFO - GOOGL: Training=322, Test=81, Sentiment=Yes
2025-10-20 20:46:51,812 - INFO - Preparing enhanced training data for GXC
2025-10-20 20:46:52,332 - INFO - GXC: Training=322, Test=81, Sentiment=Yes
2025-10-20 20:46:52,332 - INFO - Preparing enhanced training data for JPM
2025-10-20 20:46:52,812 - INFO - JPM: Training=322, Test=81, Sentiment=Yes
2025-10-20 20:46:52,812 - INFO - Preparing enhanced training data for KR
2025-10-20 20:46:53,222 - INFO - KR: Training=322, Test=81, Sentiment=Yes
2025-10-20 20:46:53,222 - INFO - Preparing enhanced training data for MDT
2025-10-20 20:46:53,677 - INFO - MDT: Training=322, Test=81, Sentiment=Yes
2025-10-20 20:46:53,682 - INFO - Preparing enhanced training data for META
2025-10-20 20:46:54,122 - INFO - META: Training=322, Test=81, Sentiment=Yes
2025-10-20 20:46:54,122 - INFO - Preparing enhanced training data for MSFT
2025-10-20 20:46:54,542 - INFO - MSFT: Training=322, Test=81, Sentiment=Yes
2025-10-20 20:46:54,542 - INFO - Preparing enhanced training data for NVDA
2025-10-20 20:46:55,019 - INFO - NVDA: Training=322, Test=81, Sentiment=Yes
2025-10-20 20:46:55,022 - INFO - Preparing enhanced training data for OXY
2025-10-20 20:46:55,442 - INFO - OXY: Training=322, Test=81, Sentiment=Yes
2025-10-20 20:46:55,442 - INFO - Preparing enhanced training data for PGJ
2025-10-20 20:46:55,888 - INFO - PGJ: Training=322, Test=81, Sentiment=Yes
2025-10-20 20:46:55,889 - INFO - Preparing enhanced training data for RSP
2025-10-20 20:46:56,365 - INFO - RSP: Training=322, Test=81, Sentiment=Yes
2025-10-20 20:46:56,365 - INFO - Preparing enhanced training data for SPY
2025-10-20 20:46:56,838 - INFO - SPY: Training=322, Test=81, Sentiment=Yes
2025-10-20 20:46:56,841 - INFO - Preparing enhanced training data for TSLA
2025-10-20 20:46:57,512 - INFO - TSLA: Training=322, Test=81, Sentiment=Yes
2025-10-20 20:46:57,519 - INFO - Preparing enhanced training data for VGK
2025-10-20 20:46:58,136 - INFO - VGK: Training=322, Test=81, Sentiment=Yes
2025-10-20 20:46:58,140 - INFO - Preparing enhanced training data for XPP
2025-10-20 20:46:58,564 - INFO - XPP: Training=322, Test=81, Sentiment=Yes
