2025-10-04 19:11:38,641 - INFO - package: mysql.connector.plugins
2025-10-04 19:11:38,642 - INFO - plugin_name: caching_sha2_password
2025-10-04 19:11:38,643 - INFO - AUTHENTICATION_PLUGIN_CLASS: MySQLCachingSHA2PasswordAuthPlugin
2025-10-04 19:11:38,644 - INFO - Sentiment tables created successfully
2025-10-04 19:13:41,671 - INFO - Reddit API initialized successfully
2025-10-04 19:16:48,686 - ERROR - Error scraping news for AMD: 'NoneType' object is not subscriptable
2025-10-04 19:17:34,788 - INFO - Scraped 856 news articles
2025-10-04 19:22:29,225 - INFO - Scraped 201 Reddit posts
2025-10-04 19:22:43,072 - INFO - Aggregated sentiment data for 24 symbols on 2025-10-04
2025-10-11 16:17:25,470 - INFO - package: mysql.connector.plugins
2025-10-11 16:17:25,477 - INFO - plugin_name: caching_sha2_password
2025-10-11 16:17:25,477 - INFO - AUTHENTICATION_PLUGIN_CLASS: MySQLCachingSHA2PasswordAuthPlugin
2025-10-11 16:17:25,654 - INFO - Sentiment tables created successfully
2025-10-11 16:18:31,035 - INFO - Reddit API initialized successfully
2025-10-11 16:22:28,884 - INFO - Scraped 292 Reddit posts
2025-10-11 17:05:37,336 - ERROR - Error scraping news for META: 'NoneType' object is not subscriptable
2025-10-11 17:05:59,669 - INFO - Scraped 774 news articles
2025-10-11 17:06:15,197 - INFO - Aggregated sentiment data for 24 symbols on 2025-10-11
2025-10-13 20:18:37,095 - INFO - package: mysql.connector.plugins
2025-10-13 20:18:37,103 - INFO - plugin_name: caching_sha2_password
2025-10-13 20:18:37,103 - INFO - AUTHENTICATION_PLUGIN_CLASS: MySQLCachingSHA2PasswordAuthPlugin
2025-10-13 20:18:37,283 - INFO - Sentiment tables created successfully
2025-10-13 20:18:41,031 - INFO - Reddit API initialized successfully
2025-10-13 20:22:48,586 - INFO - Scraped 287 Reddit posts
2025-10-14 11:55:32,889 - INFO - Scraped 495 news articles
2025-10-14 11:56:12,827 - INFO - Aggregated sentiment data for 24 symbols on 2025-10-14
2025-10-16 23:12:34,816 - INFO - Sentiment tables created successfully
2025-10-16 23:12:37,220 - INFO - Reddit API initialized successfully
2025-10-16 23:16:32,824 - INFO - Scraped 225 Reddit posts
2025-10-16 23:17:38,357 - INFO - Scraped 473 news articles
2025-10-16 23:17:43,272 - INFO - Aggregated sentiment data for 24 symbols on 2025-10-16
2025-10-18 21:28:02,977 - INFO - package: mysql.connector.plugins
2025-10-18 21:28:02,981 - INFO - plugin_name: caching_sha2_password
2025-10-18 21:28:02,982 - INFO - AUTHENTICATION_PLUGIN_CLASS: MySQLCachingSHA2PasswordAuthPlugin
2025-10-18 21:28:03,107 - INFO - Sentiment tables created successfully
2025-10-18 21:28:05,435 - INFO - Reddit API initialized successfully
2025-10-18 21:31:56,330 - INFO - Scraped 172 Reddit posts
2025-10-18 21:32:51,256 - INFO - Scraped 526 news articles
2025-10-18 23:39:39,309 - INFO - Aggregated sentiment data for 24 symbols on 2025-10-18
