2025-10-18 23:58:30,805 - INFO - package: mysql.connector.plugins
2025-10-18 23:58:30,805 - INFO - plugin_name: caching_sha2_password
2025-10-18 23:58:30,809 - INFO - AUTHENTICATION_PLUGIN_CLASS: MySQLCachingSHA2PasswordAuthPlugin
2025-10-18 23:58:30,854 - INFO - Database tables created successfully
2025-10-18 23:58:30,910 - INFO - Initialized account with $100,000.00
2025-10-18 23:58:30,966 - INFO - Added stock: AAPL - Apple Inc.
2025-10-18 23:58:31,020 - INFO - Added stock: AMZN - Amazon.com, Inc.
2025-10-18 23:58:31,074 - INFO - Added stock: BLK - BlackRock, Inc.
2025-10-18 23:58:31,137 - INFO - Added stock: ERO - Ero Copper Corp.
2025-10-18 23:58:31,207 - INFO - Added stock: FXP - ProShares UltraShort FTSE China 50
2025-10-18 23:58:31,320 - INFO - Added stock: GOOGL - Alphabet Inc.
2025-10-18 23:58:31,462 - INFO - Added stock: GXC - SPDR S&P China ETF
2025-10-18 23:58:31,550 - INFO - Added stock: JPM - JPMorgan Chase & Co.
2025-10-18 23:58:31,651 - INFO - Added stock: KR - The Kroger Co.
2025-10-18 23:58:31,813 - INFO - Added stock: MDT - Medtronic plc
2025-10-18 23:58:32,023 - INFO - Added stock: META - Meta Platforms, Inc.
2025-10-18 23:58:32,165 - INFO - Added stock: MSFT - Microsoft Corporation
2025-10-18 23:58:32,324 - INFO - Added stock: NVDA - NVIDIA Corporation
2025-10-18 23:58:32,435 - INFO - Added stock: OXY - Occidental Petroleum Corporation
2025-10-18 23:58:32,538 - INFO - Added stock: PGJ - Invesco Golden Dragon China ETF
2025-10-18 23:58:32,611 - INFO - Added stock: RSP - Invesco S&P 500 Equal Weight ETF
2025-10-18 23:58:32,662 - INFO - Added stock: SPY - SPDR S&P 500 ETF
2025-10-18 23:58:32,737 - INFO - Updating data for AAPL
2025-10-18 23:58:42,546 - INFO - Stored 502 records for AAPL
2025-10-18 23:58:42,548 - INFO - Updating data for AMD
2025-10-18 23:58:43,199 - INFO - Stored 502 records for AMD
2025-10-18 23:58:43,202 - INFO - Updating data for AMZN
2025-10-18 23:58:43,842 - INFO - Stored 502 records for AMZN
2025-10-18 23:58:43,842 - INFO - Updating data for BLK
2025-10-18 23:58:44,600 - INFO - Stored 502 records for BLK
2025-10-18 23:58:44,603 - INFO - Updating data for CHN
2025-10-18 23:58:45,411 - INFO - Stored 502 records for CHN
2025-10-18 23:58:45,416 - INFO - Updating data for ERO
2025-10-18 23:58:46,096 - INFO - Stored 502 records for ERO
2025-10-18 23:58:46,100 - INFO - Updating data for FXP
2025-10-18 23:58:46,861 - INFO - Stored 502 records for FXP
2025-10-18 23:58:46,861 - INFO - Updating data for GOOGL
2025-10-18 23:58:47,590 - INFO - Stored 502 records for GOOGL
2025-10-18 23:58:47,598 - INFO - Updating data for GXC
2025-10-18 23:58:48,280 - INFO - Stored 502 records for GXC
2025-10-18 23:58:48,280 - INFO - Updating data for JPM
2025-10-18 23:58:48,973 - INFO - Stored 502 records for JPM
2025-10-18 23:58:48,976 - INFO - Updating data for KR
2025-10-18 23:58:49,910 - INFO - Stored 502 records for KR
2025-10-18 23:58:49,914 - INFO - Updating data for MDT
2025-10-18 23:58:50,652 - INFO - Stored 502 records for MDT
2025-10-18 23:58:50,656 - INFO - Updating data for META
2025-10-18 23:58:51,415 - INFO - Stored 502 records for META
2025-10-18 23:58:51,418 - INFO - Updating data for MSFT
2025-10-18 23:58:52,000 - INFO - Stored 502 records for MSFT
2025-10-18 23:58:52,000 - INFO - Updating data for NFLX
2025-10-18 23:58:52,611 - INFO - Stored 502 records for NFLX
2025-10-18 23:58:52,616 - INFO - Updating data for NVDA
2025-10-18 23:58:53,258 - INFO - Stored 502 records for NVDA
2025-10-18 23:58:53,260 - INFO - Updating data for OXY
2025-10-18 23:58:54,005 - INFO - Stored 502 records for OXY
2025-10-18 23:58:54,010 - INFO - Updating data for PGJ
2025-10-18 23:58:54,756 - INFO - Stored 502 records for PGJ
2025-10-18 23:58:54,759 - INFO - Updating data for RSP
2025-10-18 23:58:55,391 - INFO - Stored 502 records for RSP
2025-10-18 23:58:55,396 - INFO - Updating data for SPY
2025-10-18 23:58:56,093 - INFO - Stored 502 records for SPY
2025-10-18 23:58:56,099 - INFO - Updating data for TSLA
2025-10-18 23:58:56,790 - INFO - Stored 502 records for TSLA
2025-10-18 23:58:56,792 - INFO - Updating data for VGK
2025-10-18 23:58:57,542 - INFO - Stored 502 records for VGK
2025-10-18 23:58:57,542 - INFO - Updating data for XPP
2025-10-18 23:58:58,290 - INFO - Stored 502 records for XPP
2025-10-18 23:58:58,291 - INFO - Updating data for YINN
2025-10-18 23:58:59,016 - INFO - Stored 502 records for YINN
2025-10-18 23:58:59,018 - INFO - Updated 24/24 stocks
